<?xml version="1.0" encoding="UTF-8"?>
<testsuite xmlns:xsi="http://www.w3.org/2001/XMLSchema-instance" xsi:noNamespaceSchemaLocation="https://maven.apache.org/surefire/maven-surefire-plugin/xsd/surefire-test-report.xsd" name="org.apereo.cas.DistributedCacheObjectTests" time="0.028" tests="1" errors="0" skipped="0" failures="0">
  <properties>
    <property name="sun.desktop" value="windows"/>
    <property name="awt.toolkit" value="sun.awt.windows.WToolkit"/>
    <property name="file.encoding.pkg" value="sun.io"/>
    <property name="java.specification.version" value="1.8"/>
    <property name="sun.cpu.isalist" value="amd64"/>
    <property name="sun.jnu.encoding" value="GBK"/>
    <property name="java.class.path" value="D:\java\workspace\git\SimpleCAS\api\api-utils\target\test-classes;D:\java\workspace\git\SimpleCAS\api\api-utils\target\classes;D:\java\workspace\git\SimpleCAS\api\api-lib\target\com-gang-cas-core-api-lib-1.0-SNAPSHOT.jar;D:\java\resource\repo\org\projectlombok\lombok\1.18.12\lombok-1.18.12.jar;D:\java\resource\repo\org\apache\commons\commons-lang3\3.10\commons-lang3-3.10.jar;D:\java\resource\repo\org\bitbucket\b_c\jose4j\0.6.2\jose4j-0.6.2.jar;D:\java\resource\repo\org\slf4j\slf4j-api\1.7.30\slf4j-api-1.7.30.jar;D:\java\resource\repo\org\springframework\boot\spring-boot-starter\2.3.1.RELEASE\spring-boot-starter-2.3.1.RELEASE.jar;D:\java\resource\repo\org\springframework\boot\spring-boot\2.3.1.RELEASE\spring-boot-2.3.1.RELEASE.jar;D:\java\resource\repo\org\springframework\spring-context\5.2.7.RELEASE\spring-context-5.2.7.RELEASE.jar;D:\java\resource\repo\org\springframework\spring-aop\5.2.7.RELEASE\spring-aop-5.2.7.RELEASE.jar;D:\java\resource\repo\org\springframework\spring-beans\5.2.7.RELEASE\spring-beans-5.2.7.RELEASE.jar;D:\java\resource\repo\org\springframework\spring-expression\5.2.7.RELEASE\spring-expression-5.2.7.RELEASE.jar;D:\java\resource\repo\org\springframework\boot\spring-boot-autoconfigure\2.3.1.RELEASE\spring-boot-autoconfigure-2.3.1.RELEASE.jar;D:\java\resource\repo\org\springframework\boot\spring-boot-starter-logging\2.3.1.RELEASE\spring-boot-starter-logging-2.3.1.RELEASE.jar;D:\java\resource\repo\ch\qos\logback\logback-classic\1.2.3\logback-classic-1.2.3.jar;D:\java\resource\repo\ch\qos\logback\logback-core\1.2.3\logback-core-1.2.3.jar;D:\java\resource\repo\org\apache\logging\log4j\log4j-to-slf4j\2.13.3\log4j-to-slf4j-2.13.3.jar;D:\java\resource\repo\org\apache\logging\log4j\log4j-api\2.13.3\log4j-api-2.13.3.jar;D:\java\resource\repo\org\slf4j\jul-to-slf4j\1.7.30\jul-to-slf4j-1.7.30.jar;D:\java\resource\repo\jakarta\annotation\jakarta.annotation-api\1.3.5\jakarta.annotation-api-1.3.5.jar;D:\java\resource\repo\org\springframework\spring-core\5.2.7.RELEASE\spring-core-5.2.7.RELEASE.jar;D:\java\resource\repo\org\springframework\spring-jcl\5.2.7.RELEASE\spring-jcl-5.2.7.RELEASE.jar;D:\java\resource\repo\org\yaml\snakeyaml\1.26\snakeyaml-1.26.jar;D:\java\resource\repo\junit\junit\4.13\junit-4.13.jar;D:\java\resource\repo\org\hamcrest\hamcrest-core\2.2\hamcrest-core-2.2.jar;D:\java\resource\repo\org\hamcrest\hamcrest\2.2\hamcrest-2.2.jar;D:\java\resource\repo\org\junit\jupiter\junit-jupiter-api\5.6.2\junit-jupiter-api-5.6.2.jar;D:\java\resource\repo\org\apiguardian\apiguardian-api\1.1.0\apiguardian-api-1.1.0.jar;D:\java\resource\repo\org\opentest4j\opentest4j\1.2.0\opentest4j-1.2.0.jar;D:\java\resource\repo\org\junit\platform\junit-platform-commons\1.6.2\junit-platform-commons-1.6.2.jar;D:\java\resource\repo\org\junit\jupiter\junit-jupiter-params\5.6.2\junit-jupiter-params-5.6.2.jar;D:\java\resource\repo\org\junit\jupiter\junit-jupiter-engine\5.6.2\junit-jupiter-engine-5.6.2.jar;D:\java\resource\repo\org\junit\platform\junit-platform-engine\1.6.2\junit-platform-engine-1.6.2.jar;"/>
    <property name="java.vm.vendor" value="Oracle Corporation"/>
    <property name="sun.arch.data.model" value="64"/>
    <property name="user.variant" value=""/>
    <property name="java.vendor.url" value="http://java.oracle.com/"/>
    <property name="user.timezone" value="Asia/Shanghai"/>
    <property name="java.vm.specification.version" value="1.8"/>
    <property name="os.name" value="Windows 10"/>
    <property name="user.country" value="CN"/>
    <property name="sun.java.launcher" value="SUN_STANDARD"/>
    <property name="sun.boot.library.path" value="C:\Program Files\Java\jdk1.8.0_152\jre\bin"/>
    <property name="sun.java.command" value="C:\Users\10169\AppData\Local\Temp\surefire5256059541435773259\surefirebooter606905030600320090.jar C:\Users\10169\AppData\Local\Temp\surefire5256059541435773259 2020-07-07T17-41-48_657-jvmRun1 surefire4100409496073588264tmp surefire_02381826945761101183tmp"/>
    <property name="surefire.test.class.path" value="D:\java\workspace\git\SimpleCAS\api\api-utils\target\test-classes;D:\java\workspace\git\SimpleCAS\api\api-utils\target\classes;D:\java\workspace\git\SimpleCAS\api\api-lib\target\com-gang-cas-core-api-lib-1.0-SNAPSHOT.jar;D:\java\resource\repo\org\projectlombok\lombok\1.18.12\lombok-1.18.12.jar;D:\java\resource\repo\org\apache\commons\commons-lang3\3.10\commons-lang3-3.10.jar;D:\java\resource\repo\org\bitbucket\b_c\jose4j\0.6.2\jose4j-0.6.2.jar;D:\java\resource\repo\org\slf4j\slf4j-api\1.7.30\slf4j-api-1.7.30.jar;D:\java\resource\repo\org\springframework\boot\spring-boot-starter\2.3.1.RELEASE\spring-boot-starter-2.3.1.RELEASE.jar;D:\java\resource\repo\org\springframework\boot\spring-boot\2.3.1.RELEASE\spring-boot-2.3.1.RELEASE.jar;D:\java\resource\repo\org\springframework\spring-context\5.2.7.RELEASE\spring-context-5.2.7.RELEASE.jar;D:\java\resource\repo\org\springframework\spring-aop\5.2.7.RELEASE\spring-aop-5.2.7.RELEASE.jar;D:\java\resource\repo\org\springframework\spring-beans\5.2.7.RELEASE\spring-beans-5.2.7.RELEASE.jar;D:\java\resource\repo\org\springframework\spring-expression\5.2.7.RELEASE\spring-expression-5.2.7.RELEASE.jar;D:\java\resource\repo\org\springframework\boot\spring-boot-autoconfigure\2.3.1.RELEASE\spring-boot-autoconfigure-2.3.1.RELEASE.jar;D:\java\resource\repo\org\springframework\boot\spring-boot-starter-logging\2.3.1.RELEASE\spring-boot-starter-logging-2.3.1.RELEASE.jar;D:\java\resource\repo\ch\qos\logback\logback-classic\1.2.3\logback-classic-1.2.3.jar;D:\java\resource\repo\ch\qos\logback\logback-core\1.2.3\logback-core-1.2.3.jar;D:\java\resource\repo\org\apache\logging\log4j\log4j-to-slf4j\2.13.3\log4j-to-slf4j-2.13.3.jar;D:\java\resource\repo\org\apache\logging\log4j\log4j-api\2.13.3\log4j-api-2.13.3.jar;D:\java\resource\repo\org\slf4j\jul-to-slf4j\1.7.30\jul-to-slf4j-1.7.30.jar;D:\java\resource\repo\jakarta\annotation\jakarta.annotation-api\1.3.5\jakarta.annotation-api-1.3.5.jar;D:\java\resource\repo\org\springframework\spring-core\5.2.7.RELEASE\spring-core-5.2.7.RELEASE.jar;D:\java\resource\repo\org\springframework\spring-jcl\5.2.7.RELEASE\spring-jcl-5.2.7.RELEASE.jar;D:\java\resource\repo\org\yaml\snakeyaml\1.26\snakeyaml-1.26.jar;D:\java\resource\repo\junit\junit\4.13\junit-4.13.jar;D:\java\resource\repo\org\hamcrest\hamcrest-core\2.2\hamcrest-core-2.2.jar;D:\java\resource\repo\org\hamcrest\hamcrest\2.2\hamcrest-2.2.jar;D:\java\resource\repo\org\junit\jupiter\junit-jupiter-api\5.6.2\junit-jupiter-api-5.6.2.jar;D:\java\resource\repo\org\apiguardian\apiguardian-api\1.1.0\apiguardian-api-1.1.0.jar;D:\java\resource\repo\org\opentest4j\opentest4j\1.2.0\opentest4j-1.2.0.jar;D:\java\resource\repo\org\junit\platform\junit-platform-commons\1.6.2\junit-platform-commons-1.6.2.jar;D:\java\resource\repo\org\junit\jupiter\junit-jupiter-params\5.6.2\junit-jupiter-params-5.6.2.jar;D:\java\resource\repo\org\junit\jupiter\junit-jupiter-engine\5.6.2\junit-jupiter-engine-5.6.2.jar;D:\java\resource\repo\org\junit\platform\junit-platform-engine\1.6.2\junit-platform-engine-1.6.2.jar;"/>
    <property name="sun.cpu.endian" value="little"/>
    <property name="user.home" value="C:\Users\10169"/>
    <property name="user.language" value="zh"/>
    <property name="java.specification.vendor" value="Oracle Corporation"/>
    <property name="java.home" value="C:\Program Files\Java\jdk1.8.0_152\jre"/>
    <property name="basedir" value="D:\java\workspace\git\SimpleCAS\api\api-utils"/>
    <property name="file.separator" value="\"/>
    <property name="line.separator" value="&#10;"/>
    <property name="java.vm.specification.vendor" value="Oracle Corporation"/>
    <property name="java.specification.name" value="Java Platform API Specification"/>
    <property name="java.awt.graphicsenv" value="sun.awt.Win32GraphicsEnvironment"/>
    <property name="surefire.real.class.path" value="C:\Users\10169\AppData\Local\Temp\surefire5256059541435773259\surefirebooter606905030600320090.jar"/>
    <property name="sun.boot.class.path" value="C:\Program Files\Java\jdk1.8.0_152\jre\lib\resources.jar;C:\Program Files\Java\jdk1.8.0_152\jre\lib\rt.jar;C:\Program Files\Java\jdk1.8.0_152\jre\lib\sunrsasign.jar;C:\Program Files\Java\jdk1.8.0_152\jre\lib\jsse.jar;C:\Program Files\Java\jdk1.8.0_152\jre\lib\jce.jar;C:\Program Files\Java\jdk1.8.0_152\jre\lib\charsets.jar;C:\Program Files\Java\jdk1.8.0_152\jre\lib\jfr.jar;C:\Program Files\Java\jdk1.8.0_152\jre\classes"/>
    <property name="user.script" value=""/>
    <property name="sun.management.compiler" value="HotSpot 64-Bit Tiered Compilers"/>
    <property name="java.runtime.version" value="1.8.0_152-b16"/>
    <property name="user.name" value="10169"/>
    <property name="path.separator" value=";"/>
    <property name="os.version" value="10.0"/>
    <property name="java.endorsed.dirs" value="C:\Program Files\Java\jdk1.8.0_152\jre\lib\endorsed"/>
    <property name="java.runtime.name" value="Java(TM) SE Runtime Environment"/>
    <property name="file.encoding" value="GBK"/>
    <property name="java.vm.name" value="Java HotSpot(TM) 64-Bit Server VM"/>
    <property name="localRepository" value="D:\java\resource\repo"/>
    <property name="java.vendor.url.bug" value="http://bugreport.sun.com/bugreport/"/>
    <property name="java.io.tmpdir" value="C:\Users\10169\AppData\Local\Temp\"/>
    <property name="java.version" value="1.8.0_152"/>
    <property name="user.dir" value="D:\java\workspace\git\SimpleCAS\api\api-utils"/>
    <property name="os.arch" value="amd64"/>
    <property name="java.vm.specification.name" value="Java Virtual Machine Specification"/>
    <property name="java.awt.printerjob" value="sun.awt.windows.WPrinterJob"/>
    <property name="sun.os.patch.level" value=""/>
    <property name="java.library.path" value="C:\Program Files\Java\jdk1.8.0_152\jre\bin;C:\WINDOWS\Sun\Java\bin;C:\WINDOWS\system32;C:\WINDOWS;D:\java\plugins\perl\site\bin;D:\java\plugins\perl\bin;D:\database\oracle\WINDOWS.X64_193000_db_home\bin;D:\python\Scripts\;D:\python\;D:\othersoft\xshell\main\Xshell 6\;D:\othersoft\xshell\main\Xmanager 6\;D:\othersoft\xshell\main\Xlpd 6\;E:\办公\ntrun\Goto;C;\Program Files (x86)\Common Files\Intel\Shared Libraries\redist\intel64\compiler;C:\Program Files (x86)\Intel\Intel(R) Management Engine Components\iCLS\;C:\Program Files\Intel\Intel(R) Management Engine Components\iCLS\;C:\Windows\system32;C:\Windows;C:\Windows\System32\Wbem;C:\Windows\System32\WindowsPowerShell\v1.0\;C:\Windows\System32\OpenSSH\;C:\Program Files (x86)\Intel\Intel(R) Management Engine Components\DAL;C:\Program Files\Intel\Intel(R) Management Engine Components\DAL;C:\Program Files (x86)\NVIDIA Corporation\PhysX\Common;C:\Program Files\Java\jdk1.8.0_152\bin;C:\Program Files (x86)\Common Files\Oracle\Java\javapath;D:\java\plugins\Git\cmd;D:\java\plugins\maven\apache-maven-3.6.1\bin;D:\java\plugins\nodejs\;C:\Program Files\MIT\Kerberos\bin;D:\mysql\mysql-5.7.26-winx64\bin;C:\Program Files\Intel\WiFi\bin\;C:\Program Files\Common Files\Intel\WirelessCommon\;C:\Program Files\Pandoc\;D:\java\plugins\erlang\erl9.3\bin;D:\java\plugins\gradle\gradle-6.3\bin;;%SystemRoot%\system32;%SystemRoot%;%SystemRoot%\System32\Wbem;%SYSTEMROOT%\System32\WindowsPowerShell\v1.0\;%SYSTEMROOT%\System32\OpenSSH\;C:\Users\10169\AppData\Local\Microsoft\WindowsApps;C:\Users\10169\AppData\Roaming\npm;D:\java\software\Microsoft VS Code\bin;;."/>
    <property name="java.vm.info" value="mixed mode"/>
    <property name="java.vendor" value="Oracle Corporation"/>
    <property name="java.vm.version" value="25.152-b16"/>
    <property name="java.ext.dirs" value="C:\Program Files\Java\jdk1.8.0_152\jre\lib\ext;C:\WINDOWS\Sun\Java\lib\ext"/>
    <property name="sun.io.unicode.encoding" value="UnicodeLittle"/>
    <property name="java.class.version" value="52.0"/>
  </properties>
  <testcase name="verifyAction" classname="org.apereo.cas.DistributedCacheObjectTests" time="0.02"/>
</testsuite>